<?xml version="1.0" encoding="UTF-8"?>
<!-- Generated by org.testng.reporters.JUnitReportReporter -->
<testsuite hostname="djaxjava-Lenovo-G50-80" failures="0" tests="1" name="Test1.login_testng" time="27.056" errors="0" timestamp="2024-02-08T11:16:35 IST" skipped="0">
  <testcase classname="Test1.login_testng" name="testLogin" time="27.056"/>
  <system-out/>
</testsuite> <!-- Test1.login_testng -->
